Determining if the pthread_create exist failed with the following output:
Change Dir: /home/robocon/workspace/CLionProjects/singlelton/cmake-build-debug/CMakeFiles/CMakeTmp

Run Build Command:"/usr/bin/make" "cmTC_102c2/fast"
/usr/bin/make -f CMakeFiles/cmTC_102c2.dir/build.make CMakeFiles/cmTC_102c2.dir/build
make[1]: Entering directory '/home/robocon/workspace/CLionProjects/singlelton/cmake-build-debug/CMakeFiles/CMakeTmp'
Building C object CMakeFiles/cmTC_102c2.dir/CheckSymbolExists.c.o
/usr/bin/cc    -o CMakeFiles/cmTC_102c2.dir/CheckSymbolExists.c.o   -c /home/robocon/workspace/CLionProjects/singlelton/cmake-build-debug/CMakeFiles/CMakeTmp/CheckSymbolExists.c
Linking C executable cmTC_102c2
/home/robocon/Documents/installed/clion-2017.2.3/bin/cmake/bin/cmake -E cmake_link_script CMakeFiles/cmTC_102c2.dir/link.txt --verbose=1
/usr/bin/cc      -rdynamic CMakeFiles/cmTC_102c2.dir/CheckSymbolExists.c.o  -o cmTC_102c2 
CMakeFiles/cmTC_102c2.dir/CheckSymbolExists.c.o: In function `main':
CheckSymbolExists.c:(.text+0x16): undefined reference to `pthread_create'
collect2: error: ld returned 1 exit status
CMakeFiles/cmTC_102c2.dir/build.make:97: recipe for target 'cmTC_102c2' failed
make[1]: *** [cmTC_102c2] Error 1
make[1]: Leaving directory '/home/robocon/workspace/CLionProjects/singlelton/cmake-build-debug/CMakeFiles/CMakeTmp'
Makefile:126: recipe for target 'cmTC_102c2/fast' failed
make: *** [cmTC_102c2/fast] Error 2

File /home/robocon/workspace/CLionProjects/singlelton/cmake-build-debug/CMakeFiles/CMakeTmp/CheckSymbolExists.c:
/* */
#include <pthread.h>

int main(int argc, char** argv)
{
  (void)argv;
#ifndef pthread_create
  return ((int*)(&pthread_create))[argc];
#else
  (void)argc;
  return 0;
#endif
}

Determining if the function pthread_create exists in the pthreads failed with the following output:
Change Dir: /home/robocon/workspace/CLionProjects/singlelton/cmake-build-debug/CMakeFiles/CMakeTmp

Run Build Command:"/usr/bin/make" "cmTC_a3973/fast"
/usr/bin/make -f CMakeFiles/cmTC_a3973.dir/build.make CMakeFiles/cmTC_a3973.dir/build
make[1]: Entering directory '/home/robocon/workspace/CLionProjects/singlelton/cmake-build-debug/CMakeFiles/CMakeTmp'
Building C object CMakeFiles/cmTC_a3973.dir/CheckFunctionExists.c.o
/usr/bin/cc   -DCHECK_FUNCTION_EXISTS=pthread_create   -o CMakeFiles/cmTC_a3973.dir/CheckFunctionExists.c.o   -c /home/robocon/Documents/installed/clion-2017.2.3/bin/cmake/share/cmake-3.8/Modules/CheckFunctionExists.c
Linking C executable cmTC_a3973
/home/robocon/Documents/installed/clion-2017.2.3/bin/cmake/bin/cmake -E cmake_link_script CMakeFiles/cmTC_a3973.dir/link.txt --verbose=1
/usr/bin/cc  -DCHECK_FUNCTION_EXISTS=pthread_create    -rdynamic CMakeFiles/cmTC_a3973.dir/CheckFunctionExists.c.o  -o cmTC_a3973 -lpthreads 
/usr/bin/ld: cannot find -lpthreads
collect2: error: ld returned 1 exit status
CMakeFiles/cmTC_a3973.dir/build.make:97: recipe for target 'cmTC_a3973' failed
make[1]: *** [cmTC_a3973] Error 1
make[1]: Leaving directory '/home/robocon/workspace/CLionProjects/singlelton/cmake-build-debug/CMakeFiles/CMakeTmp'
Makefile:126: recipe for target 'cmTC_a3973/fast' failed
make: *** [cmTC_a3973/fast] Error 2


